<?xml version="1.0" encoding="UTF-8"?>
<testsuite name="sistemaasistencias.AusenciaSpec" tests="1" skipped="0" failures="0" errors="0" timestamp="2020-01-11T19:44:37" hostname="NicoPC" time="0.002">
  <properties/>
  <testcase name="test something" classname="sistemaasistencias.AusenciaSpec" time="0.002"/>
  <system-out><![CDATA[]]></system-out>
  <system-err><![CDATA[]]></system-err>
</testsuite>
