<?xml version="1.0" encoding="UTF-8"?>
<testsuite name="sistemaasistencias.AsistenciaSpec" tests="1" skipped="0" failures="0" errors="0" timestamp="2020-01-11T19:44:35" hostname="NicoPC" time="0.033">
  <properties/>
  <testcase name="test something" classname="sistemaasistencias.AsistenciaSpec" time="0.033"/>
  <system-out><![CDATA[]]></system-out>
  <system-err><![CDATA[]]></system-err>
</testsuite>
