<?xml version="1.0" encoding="UTF-8"?>
<testsuite name="sistemaasistencias.CuatrimestreSpec" tests="1" skipped="0" failures="0" errors="0" timestamp="2020-01-11T19:44:36" hostname="NicoPC" time="0.115">
  <properties/>
  <testcase name="cuando le pido la semana del primero de enero responde que es la primera" classname="sistemaasistencias.CuatrimestreSpec" time="0.115"/>
  <system-out><![CDATA[]]></system-out>
  <system-err><![CDATA[]]></system-err>
</testsuite>
